Wed Apr 7 23:53:38 BST 2021|Undefined variable: values
Fri Apr 9 12:52:00 BST 2021|Undefined variable: values
Fri Apr 9 12:52:06 BST 2021|Undefined variable: values
Fri Apr 9 12:52:15 BST 2021|Undefined variable: values
Mon Apr 12 18:08:15 BST 2021|Undefined variable: values
Tue Apr 13 19:33:06 BST 2021|preg_match(): Unknown modifier '='
Tue Apr 13 19:33:29 BST 2021|preg_match(): Unknown modifier '='
Tue Apr 13 19:33:56 BST 2021|preg_match(): Unknown modifier '='
Tue Apr 13 19:36:30 BST 2021|preg_match(): Unknown modifier '='
Tue Apr 13 19:36:32 BST 2021|preg_match(): Unknown modifier '='
Tue Apr 13 19:36:43 BST 2021|preg_match(): Unknown modifier '='
Tue Apr 13 19:38:18 BST 2021|preg_match() expects at least 2 parameters, 1 given
Tue Apr 13 19:38:28 BST 2021|preg_match() expects at least 2 parameters, 1 given
Tue Apr 13 19:39:47 BST 2021|preg_match() expects at least 2 parameters, 1 given
Tue Apr 13 19:40:25 BST 2021|preg_match() expects at least 2 parameters, 1 given
Tue Apr 13 19:40:34 BST 2021|preg_match() expects at least 2 parameters, 1 given
Tue Apr 20 20:19:04 BST 2021|Undefined variable: lemailEmptyErr
Wed Apr 21 14:04:42 BST 2021|Undefined variable: fnameEmptyErr
Wed Apr 21 14:22:28 BST 2021|Undefined variable: nameEmptyErr
Wed Apr 21 14:22:33 BST 2021|Undefined variable: nameEmptyErr
Thu Apr 22 1:29:52 BST 2021|Undefined variable: values
Thu Apr 22 9:51:27 BST 2021|Undefined variable: b_fnameEmptyErr
Sat May 22 15:27:29 BST 2021|Undefined variable: referer
Sat May 22 18:21:48 BST 2021|Undefined variable: fnameEmptyErr
Sat May 22 18:22:02 BST 2021|Undefined variable: fnameEmptyErr
Sat May 22 18:23:38 BST 2021|Undefined variable: fnameEmptyErr
Sat May 22 18:24:26 BST 2021|Undefined variable: fnameEmptyErr
Sat May 22 18:24:37 BST 2021|Undefined variable: fnameEmptyErr
Sat May 22 18:24:46 BST 2021|Undefined variable: fnameEmptyErr
Sat May 22 18:35:17 BST 2021|Undefined variable: fnameEmptyErr
Sat May 22 18:39:54 BST 2021|Undefined variable: fnameEmptyErr
Sat May 22 18:39:57 BST 2021|Undefined variable: fnameEmptyErr
Sat May 22 18:40:27 BST 2021|Undefined variable: fnameEmptyErr
Sat May 22 18:41:27 BST 2021|Undefined variable: fnameEmptyErr
Sat May 22 21:14:38 BST 2021|Undefined index: firstname
Sat May 22 21:16:17 BST 2021|Undefined index: firstname
Sat May 22 21:18:43 BST 2021|Undefined index: firstname
Sat May 22 21:19:06 BST 2021|Undefined index: firstname
Sat May 22 22:29:30 BST 2021|SQLSTATE[HY000]: General error
Sat May 22 22:32:10 BST 2021|SQLSTATE[23000]: Integrity constraint violation: 1062 Duplicate entry 'tk' for key 'username'
Sat May 22 22:33:05 BST 2021|SQLSTATE[23000]: Integrity constraint violation: 1062 Duplicate entry 'tk' for key 'username'
Sat May 22 22:34:51 BST 2021|SQLSTATE[HY000]: General error
Sat May 22 22:58:36 BST 2021|SQLSTATE[23000]: Integrity constraint violation: 1062 Duplicate entry 'tk' for key 'username'
Sat May 22 23:00:09 BST 2021|SQLSTATE[42S22]: Column not found: 1054 Unknown column 'passwordHash' in 'field list'
Sat May 22 23:00:30 BST 2021|SQLSTATE[42S22]: Column not found: 1054 Unknown column 'passwordHash' in 'field list'
Sat May 22 23:02:00 BST 2021|SQLSTATE[HY000]: General error
Sat May 22 23:04:55 BST 2021|SQLSTATE[23000]: Integrity constraint violation: 1062 Duplicate entry 'tk' for key 'username'
Sat May 22 23:05:16 BST 2021|SQLSTATE[23000]: Integrity constraint violation: 1062 Duplicate entry 'tk' for key 'username'
Sat May 22 23:12:22 BST 2021|SQLSTATE[HY000]: General error
Sat May 22 23:21:14 BST 2021|SQLSTATE[23000]: Integrity constraint violation: 1062 Duplicate entry 'kk' for key 'username'
Sat May 22 23:21:37 BST 2021|SQLSTATE[HY000]: General error
Sat May 22 23:34:58 BST 2021|SQLSTATE[23000]: Integrity constraint violation: 1062 Duplicate entry 'tk' for key 'username'
Sun May 23 0:06:24 BST 2021|SQLSTATE[23000]: Integrity constraint violation: 1062 Duplicate entry 'tk' for key 'username'
Sun May 23 0:07:12 BST 2021|SQLSTATE[23000]: Integrity constraint violation: 1062 Duplicate entry 'tk' for key 'username'
Sun May 23 0:07:19 BST 2021|SQLSTATE[23000]: Integrity constraint violation: 1062 Duplicate entry 'tk' for key 'username'
Sun May 23 0:08:47 BST 2021|SQLSTATE[23000]: Integrity constraint violation: 1062 Duplicate entry 'tk' for key 'username'
Sun May 23 0:11:16 BST 2021|SQLSTATE[23000]: Integrity constraint violation: 1062 Duplicate entry 'ih' for key 'username'
